[debug] [2023-05-12T07:26:21.657Z] ----------------------------------------------------------------------
[debug] [2023-05-12T07:26:21.659Z] Command:       C:\Program Files\nodejs\node.exe C:\Users\Mankiran\AppData\Roaming\npm\node_modules\firebase-tools\lib\bin\firebase.js init
[debug] [2023-05-12T07:26:21.660Z] CLI Version:   11.28.0
[debug] [2023-05-12T07:26:21.660Z] Platform:      win32
[debug] [2023-05-12T07:26:21.660Z] Node Version:  v18.10.0
[debug] [2023-05-12T07:26:21.670Z] Time:          Fri May 12 2023 12:56:21 GMT+0530 (India Standard Time)
[debug] [2023-05-12T07:26:21.670Z] ----------------------------------------------------------------------
[debug] 
[debug] [2023-05-12T07:26:21.684Z] > command requires scopes: ["email","openid","https://www.googleapis.com/auth/cloudplatformprojects.readonly","https://www.googleapis.com/auth/firebase","https://www.googleapis.com/auth/cloud-platform"]
[debug] [2023-05-12T07:26:21.685Z] > authorizing via signed-in user (mankiransingh8@gmail.com)
[info] 
     ######## #### ########  ######## ########     ###     ######  ########
     ##        ##  ##     ## ##       ##     ##  ##   ##  ##       ##
     ######    ##  ########  ######   ########  #########  ######  ######
     ##        ##  ##    ##  ##       ##     ## ##     ##       ## ##
     ##       #### ##     ## ######## ########  ##     ##  ######  ########

You're about to initialize a Firebase project in this directory:

  D:\Projects\mycart

[info] 
=== Project Setup
[info] 
[info] First, let's associate this project directory with a Firebase project.
[info] You can create multiple project aliases by running firebase use --add, 
[info] but for now we'll just set up a default project.
[info] 
[debug] [2023-05-12T07:27:12.725Z] > refreshing access token with scopes: []
[debug] [2023-05-12T07:27:12.727Z] >>> [apiv2][query] POST https://www.googleapis.com/oauth2/v3/token [none]
[debug] [2023-05-12T07:27:12.728Z] >>> [apiv2][body] POST https://www.googleapis.com/oauth2/v3/token [omitted]
[debug] [2023-05-12T07:27:13.080Z] <<< [apiv2][status] POST https://www.googleapis.com/oauth2/v3/token 200
[debug] [2023-05-12T07:27:13.080Z] <<< [apiv2][body] POST https://www.googleapis.com/oauth2/v3/token [omitted]
[debug] [2023-05-12T07:27:13.098Z] >>> [apiv2][query] GET https://firebase.googleapis.com/v1beta1/projects pageSize=100
[debug] [2023-05-12T07:27:14.129Z] <<< [apiv2][status] GET https://firebase.googleapis.com/v1beta1/projects 200
[debug] [2023-05-12T07:27:14.129Z] <<< [apiv2][body] GET https://firebase.googleapis.com/v1beta1/projects [omitted]
